生成启动时间为 2018/5/19 21:31:14。
     1>项目“E:\Workspace\WAC\WAC\WAC.vcxproj”在节点 2 上(Build 个目标)。
     1>CustomBuild:
         Moc'ing wac.h...
         Uic'ing wac.ui...
         Rcc'ing wac.qrc...
     1>RCC : warning : No resources in 'E:\Workspace\WAC\WAC\wac.qrc'.
         
     1>C:\Program Files (x86)\MSBuild\Microsoft.Cpp\v4.0\V120\Microsoft.CppBuild.targets(935,5): warning MSB8027: Two or more files with the name of moc_wac.cpp will produce outputs to the same location. This can lead to an incorrect build result.  The files involved are GeneratedFiles\Debug\moc_wac.cpp, GeneratedFiles\Release\moc_wac.cpp.
       ClCompile:
         D:\Program Files (x86)\Microsoft Visual Studio 12.0\VC\bin\CL.exe /c /I.\GeneratedFiles /I. /ID:\Qt\Qt5.6.2\5.6\msvc2013\include /I.\GeneratedFiles\Debug /ID:\Qt\Qt5.6.2\5.6\msvc2013\include\QtCore /ID:\Qt\Qt5.6.2\5.6\msvc2013\include\QtGui /ID:\Qt\Qt5.6.2\5.6\msvc2013\include\QtWidgets /Zi /nologo /W1 /WX- /Od /Oy- /D UNICODE /D WIN32 /D WIN64 /D QT_DLL /D QT_CORE_LIB /D QT_GUI_LIB /D QT_WIDGETS_LIB /Gm- /EHsc /MDd /GS /fp:precise /Zc:wchar_t /Zc:forScope /Fo"Debug\\" /Fd"Debug\vc120.pdb" /Gd /TP /analyze- /errorReport:prompt GeneratedFiles\Debug\moc_wac.cpp main.cpp wac.cpp
         moc_wac.cpp
         main.cpp
         wac.cpp
         正在生成代码...
         D:\Program Files (x86)\Microsoft Visual Studio 12.0\VC\bin\CL.exe /c /I.\GeneratedFiles /I. /ID:\Qt\Qt5.6.2\5.6\msvc2013\include /I.\GeneratedFiles\Debug /ID:\Qt\Qt5.6.2\5.6\msvc2013\include\QtCore /ID:\Qt\Qt5.6.2\5.6\msvc2013\include\QtGui /ID:\Qt\Qt5.6.2\5.6\msvc2013\include\QtWidgets /Zi /nologo /W1 /WX- /Od /Oy- /D UNICODE /D WIN32 /D WIN64 /D QT_DLL /D QT_CORE_LIB /D QT_GUI_LIB /D QT_WIDGETS_LIB /Gm- /EHsc /MDd /GS /fp:precise /Zc:wchar_t /Zc:forScope /Fo"Debug\\" /Fd"Debug\vc120.pdb" /Gd /TP /analyze- /errorReport:prompt GeneratedFiles\qrc_wac.cpp
         qrc_wac.cpp
       Link:
         D:\Program Files (x86)\Microsoft Visual Studio 12.0\VC\bin\link.exe /ERRORREPORT:PROMPT /OUT:"E:\Workspace\WAC\Win32\Debug\\WAC.exe" /NOLOGO /LIBPATH:D:\Qt\Qt5.6.2\5.6\msvc2013\lib qtmaind.lib Qt5Cored.lib Qt5Guid.lib Qt5Widgetsd.lib kernel32.lib user32.lib gdi32.lib winspool.lib comdlg32.lib advapi32.lib shell32.lib ole32.lib oleaut32.lib uuid.lib odbc32.lib odbccp32.lib /MANIFEST /MANIFESTUAC:"level='asInvoker' uiAccess='false'" /manifest:embed /DEBUG /PDB:"E:\Workspace\WAC\Win32\Debug\WAC.pdb" /SUBSYSTEM:WINDOWS /TLBID:1 /DYNAMICBASE /NXCOMPAT /IMPLIB:"E:\Workspace\WAC\Win32\Debug\WAC.lib" /MACHINE:X86 /SAFESEH Debug\moc_wac.obj
         Debug\qrc_wac.obj
         Debug\main.obj
         Debug\wac.obj
         WAC.vcxproj -> E:\Workspace\WAC\Win32\Debug\WAC.exe
     1>已完成生成项目“E:\Workspace\WAC\WAC\WAC.vcxproj”(Build 个目标)的操作。

生成成功。

已用时间 00:00:11.85
